Determining if the pthread_create exist failed with the following output:
Change Dir: /home/luan/husky_ur5/build/CMakeFiles/CMakeTmp

Run Build Command:/usr/bin/make "cmTryCompileExec3198235895/fast"
/usr/bin/make -f CMakeFiles/cmTryCompileExec3198235895.dir/build.make CMakeFiles/cmTryCompileExec3198235895.dir/build
make[1]: Entering directory `/home/luan/husky_ur5/build/CMakeFiles/CMakeTmp'
/usr/bin/cmake -E cmake_progress_report /home/luan/husky_ur5/build/CMakeFiles/CMakeTmp/CMakeFiles 1
Building C object CMakeFiles/cmTryCompileExec3198235895.dir/CheckSymbolExists.c.o
/usr/bin/cc    -o CMakeFiles/cmTryCompileExec3198235895.dir/CheckSymbolExists.c.o   -c /home/luan/husky_ur5/build/CMakeFiles/CMakeTmp/CheckSymbolExists.c
Linking C executable cmTryCompileExec3198235895
/usr/bin/cmake -E cmake_link_script CMakeFiles/cmTryCompileExec3198235895.dir/link.txt --verbose=1
/usr/bin/cc       CMakeFiles/cmTryCompileExec3198235895.dir/CheckSymbolExists.c.o  -o cmTryCompileExec3198235895 -rdynamic 
CMakeFiles/cmTryCompileExec3198235895.dir/CheckSymbolExists.c.o: In function `main':
CheckSymbolExists.c:(.text+0x16): undefined reference to `pthread_create'
collect2: error: ld returned 1 exit status
make[1]: *** [cmTryCompileExec3198235895] Error 1
make[1]: Leaving directory `/home/luan/husky_ur5/build/CMakeFiles/CMakeTmp'
make: *** [cmTryCompileExec3198235895/fast] Error 2

File /home/luan/husky_ur5/build/CMakeFiles/CMakeTmp/CheckSymbolExists.c:
/* */
#include <pthread.h>

int main(int argc, char** argv)
{
  (void)argv;
#ifndef pthread_create
  return ((int*)(&pthread_create))[argc];
#else
  (void)argc;
  return 0;
#endif
}

Determining if the function pthread_create exists in the pthreads failed with the following output:
Change Dir: /home/luan/husky_ur5/build/CMakeFiles/CMakeTmp

Run Build Command:/usr/bin/make "cmTryCompileExec3964074861/fast"
/usr/bin/make -f CMakeFiles/cmTryCompileExec3964074861.dir/build.make CMakeFiles/cmTryCompileExec3964074861.dir/build
make[1]: Entering directory `/home/luan/husky_ur5/build/CMakeFiles/CMakeTmp'
/usr/bin/cmake -E cmake_progress_report /home/luan/husky_ur5/build/CMakeFiles/CMakeTmp/CMakeFiles 1
Building C object CMakeFiles/cmTryCompileExec3964074861.dir/CheckFunctionExists.c.o
/usr/bin/cc   -DCHECK_FUNCTION_EXISTS=pthread_create   -o CMakeFiles/cmTryCompileExec3964074861.dir/CheckFunctionExists.c.o   -c /usr/share/cmake-2.8/Modules/CheckFunctionExists.c
Linking C executable cmTryCompileExec3964074861
/usr/bin/cmake -E cmake_link_script CMakeFiles/cmTryCompileExec3964074861.dir/link.txt --verbose=1
/usr/bin/cc   -DCHECK_FUNCTION_EXISTS=pthread_create    CMakeFiles/cmTryCompileExec3964074861.dir/CheckFunctionExists.c.o  -o cmTryCompileExec3964074861 -rdynamic -lpthreads 
/usr/bin/ld: cannot find -lpthreads
collect2: error: ld returned 1 exit status
make[1]: *** [cmTryCompileExec3964074861] Error 1
make[1]: Leaving directory `/home/luan/husky_ur5/build/CMakeFiles/CMakeTmp'
make: *** [cmTryCompileExec3964074861/fast] Error 2


